<?xml version="1.0" encoding="UTF-8"?>
<testng-results skipped="0" failed="0" ignored="0" total="4" passed="4">
  <reporter-output>
  </reporter-output>
  <suite name="Suite" duration-ms="175" started-at="2020-11-08T21:38:14 IST" finished-at="2020-11-08T21:38:14 IST">
    <groups>
    </groups>
    <test name="Test" duration-ms="101" started-at="2020-11-08T21:38:14 IST" finished-at="2020-11-08T21:38:14 IST">
      <class name="testNGSample.AllAnnotation">
        <test-method status="PASS" signature="beforeTest()[pri:0, instance:testNGSample.AllAnnotation@1e6d1014]" name="beforeTest" is-config="true" duration-ms="0" started-at="2020-11-08T21:38:14 IST" finished-at="2020-11-08T21:38:14 IST">
          <reporter-output>
          </reporter-output>
        </test-method> <!-- beforeTest -->
        <test-method status="PASS" signature="beforeClass()[pri:0, instance:testNGSample.AllAnnotation@1e6d1014]" name="beforeClass" is-config="true" duration-ms="0" started-at="2020-11-08T21:38:14 IST" finished-at="2020-11-08T21:38:14 IST">
          <reporter-output>
          </reporter-output>
        </test-method> <!-- beforeClass -->
        <test-method status="PASS" signature="beforeMethod()[pri:0, instance:testNGSample.AllAnnotation@1e6d1014]" name="beforeMethod" is-config="true" duration-ms="0" started-at="2020-11-08T21:38:14 IST" finished-at="2020-11-08T21:38:14 IST">
          <reporter-output>
          </reporter-output>
        </test-method> <!-- beforeMethod -->
        <test-method status="PASS" signature="testMethod()[pri:0, instance:testNGSample.AllAnnotation@1e6d1014]" name="testMethod" duration-ms="8" started-at="2020-11-08T21:38:14 IST" finished-at="2020-11-08T21:38:14 IST">
          <reporter-output>
          </reporter-output>
        </test-method> <!-- testMethod -->
        <test-method status="PASS" signature="afterMethod()[pri:0, instance:testNGSample.AllAnnotation@1e6d1014]" name="afterMethod" is-config="true" duration-ms="1" started-at="2020-11-08T21:38:14 IST" finished-at="2020-11-08T21:38:14 IST">
          <reporter-output>
          </reporter-output>
        </test-method> <!-- afterMethod -->
        <test-method status="PASS" signature="beforeMethod()[pri:0, instance:testNGSample.AllAnnotation@1e6d1014]" name="beforeMethod" is-config="true" duration-ms="0" started-at="2020-11-08T21:38:14 IST" finished-at="2020-11-08T21:38:14 IST">
          <reporter-output>
          </reporter-output>
        </test-method> <!-- beforeMethod -->
        <test-method status="PASS" signature="testMethod1()[pri:0, instance:testNGSample.AllAnnotation@1e6d1014]" name="testMethod1" duration-ms="2" started-at="2020-11-08T21:38:14 IST" finished-at="2020-11-08T21:38:14 IST">
          <reporter-output>
          </reporter-output>
        </test-method> <!-- testMethod1 -->
        <test-method status="PASS" signature="afterMethod()[pri:0, instance:testNGSample.AllAnnotation@1e6d1014]" name="afterMethod" is-config="true" duration-ms="0" started-at="2020-11-08T21:38:14 IST" finished-at="2020-11-08T21:38:14 IST">
          <reporter-output>
          </reporter-output>
        </test-method> <!-- afterMethod -->
        <test-method status="PASS" signature="afterClass()[pri:0, instance:testNGSample.AllAnnotation@1e6d1014]" name="afterClass" is-config="true" duration-ms="1" started-at="2020-11-08T21:38:14 IST" finished-at="2020-11-08T21:38:14 IST">
          <reporter-output>
          </reporter-output>
        </test-method> <!-- afterClass -->
        <test-method status="PASS" signature="afterTest()[pri:0, instance:testNGSample.AllAnnotation@1e6d1014]" name="afterTest" is-config="true" duration-ms="1" started-at="2020-11-08T21:38:14 IST" finished-at="2020-11-08T21:38:14 IST">
          <reporter-output>
          </reporter-output>
        </test-method> <!-- afterTest -->
      </class> <!-- testNGSample.AllAnnotation -->
    </test> <!-- Test -->
    <test name="Test1" duration-ms="23" started-at="2020-11-08T21:38:14 IST" finished-at="2020-11-08T21:38:14 IST">
      <class name="testNGSample.AllAnnotation">
        <test-method status="PASS" signature="beforeSuite()[pri:0, instance:testNGSample.AllAnnotation@2d8f65a4]" name="beforeSuite" is-config="true" duration-ms="14" started-at="2020-11-08T21:38:14 IST" finished-at="2020-11-08T21:38:14 IST">
          <reporter-output>
          </reporter-output>
        </test-method> <!-- beforeSuite -->
        <test-method status="PASS" signature="beforeTest()[pri:0, instance:testNGSample.AllAnnotation@2d8f65a4]" name="beforeTest" is-config="true" duration-ms="1" started-at="2020-11-08T21:38:14 IST" finished-at="2020-11-08T21:38:14 IST">
          <reporter-output>
          </reporter-output>
        </test-method> <!-- beforeTest -->
        <test-method status="PASS" signature="beforeClass()[pri:0, instance:testNGSample.AllAnnotation@2d8f65a4]" name="beforeClass" is-config="true" duration-ms="1" started-at="2020-11-08T21:38:14 IST" finished-at="2020-11-08T21:38:14 IST">
          <reporter-output>
          </reporter-output>
        </test-method> <!-- beforeClass -->
        <test-method status="PASS" signature="beforeMethod()[pri:0, instance:testNGSample.AllAnnotation@2d8f65a4]" name="beforeMethod" is-config="true" duration-ms="1" started-at="2020-11-08T21:38:14 IST" finished-at="2020-11-08T21:38:14 IST">
          <reporter-output>
          </reporter-output>
        </test-method> <!-- beforeMethod -->
        <test-method status="PASS" signature="testMethod()[pri:0, instance:testNGSample.AllAnnotation@2d8f65a4]" name="testMethod" duration-ms="3" started-at="2020-11-08T21:38:14 IST" finished-at="2020-11-08T21:38:14 IST">
          <reporter-output>
          </reporter-output>
        </test-method> <!-- testMethod -->
        <test-method status="PASS" signature="afterMethod()[pri:0, instance:testNGSample.AllAnnotation@2d8f65a4]" name="afterMethod" is-config="true" duration-ms="1" started-at="2020-11-08T21:38:14 IST" finished-at="2020-11-08T21:38:14 IST">
          <reporter-output>
          </reporter-output>
        </test-method> <!-- afterMethod -->
        <test-method status="PASS" signature="beforeMethod()[pri:0, instance:testNGSample.AllAnnotation@2d8f65a4]" name="beforeMethod" is-config="true" duration-ms="0" started-at="2020-11-08T21:38:14 IST" finished-at="2020-11-08T21:38:14 IST">
          <reporter-output>
          </reporter-output>
        </test-method> <!-- beforeMethod -->
        <test-method status="PASS" signature="testMethod1()[pri:0, instance:testNGSample.AllAnnotation@2d8f65a4]" name="testMethod1" duration-ms="3" started-at="2020-11-08T21:38:14 IST" finished-at="2020-11-08T21:38:14 IST">
          <reporter-output>
          </reporter-output>
        </test-method> <!-- testMethod1 -->
        <test-method status="PASS" signature="afterMethod()[pri:0, instance:testNGSample.AllAnnotation@2d8f65a4]" name="afterMethod" is-config="true" duration-ms="1" started-at="2020-11-08T21:38:14 IST" finished-at="2020-11-08T21:38:14 IST">
          <reporter-output>
          </reporter-output>
        </test-method> <!-- afterMethod -->
        <test-method status="PASS" signature="afterClass()[pri:0, instance:testNGSample.AllAnnotation@2d8f65a4]" name="afterClass" is-config="true" duration-ms="1" started-at="2020-11-08T21:38:14 IST" finished-at="2020-11-08T21:38:14 IST">
          <reporter-output>
          </reporter-output>
        </test-method> <!-- afterClass -->
        <test-method status="PASS" signature="afterTest()[pri:0, instance:testNGSample.AllAnnotation@2d8f65a4]" name="afterTest" is-config="true" duration-ms="1" started-at="2020-11-08T21:38:14 IST" finished-at="2020-11-08T21:38:14 IST">
          <reporter-output>
          </reporter-output>
        </test-method> <!-- afterTest -->
        <test-method status="PASS" signature="afterSuite()[pri:0, instance:testNGSample.AllAnnotation@2d8f65a4]" name="afterSuite" is-config="true" duration-ms="0" started-at="2020-11-08T21:38:14 IST" finished-at="2020-11-08T21:38:14 IST">
          <reporter-output>
          </reporter-output>
        </test-method> <!-- afterSuite -->
      </class> <!-- testNGSample.AllAnnotation -->
    </test> <!-- Test1 -->
  </suite> <!-- Suite -->
</testng-results>
